1771910524.872166 client started (351797): version 3.0a, socket /tmp/tmux-1003/default, protocol 8
1771910524.872226 on Linux 6.8.0-90-generic #91~22.04.1-Ubuntu SMP PREEMPT_DYNAMIC Thu Nov 20 15:20:45 UTC 2; libevent 2.1.11-stable (poll)
1771910524.872260 socket is /tmp/tmux-1003/default
1771910524.872283 trying connect
1771910524.872437 add peer 0x59221fbda920: 6 ((nil))
1771910524.872605 sending message 100 to peer 0x59221fbda920 (4 bytes)
1771910524.872629 sending message 101 to peer 0x59221fbda920 (7 bytes)
1771910524.872638 sending message 102 to peer 0x59221fbda920 (11 bytes)
1771910524.872646 sending message 108 to peer 0x59221fbda920 (27 bytes)
1771910524.872656 sending message 104 to peer 0x59221fbda920 (0 bytes)
1771910524.872664 sending message 107 to peer 0x59221fbda920 (4 bytes)
1771910524.872671 sending message 105 to peer 0x59221fbda920 (16 bytes)
1771910524.872680 sending message 105 to peer 0x59221fbda920 (20 bytes)
1771910524.872688 sending message 105 to peer 0x59221fbda920 (29 bytes)
1771910524.872696 sending message 105 to peer 0x59221fbda920 (48 bytes)
1771910524.872704 sending message 105 to peer 0x59221fbda920 (7 bytes)
1771910524.872712 sending message 105 to peer 0x59221fbda920 (37 bytes)
1771910524.872720 sending message 105 to peer 0x59221fbda920 (54 bytes)
1771910524.872728 sending message 105 to peer 0x59221fbda920 (64 bytes)
1771910524.872735 sending message 105 to peer 0x59221fbda920 (31 bytes)
1771910524.872744 sending message 105 to peer 0x59221fbda920 (14 bytes)
1771910524.872751 sending message 105 to peer 0x59221fbda920 (41 bytes)
1771910524.872760 sending message 105 to peer 0x59221fbda920 (128 bytes)
1771910524.872767 sending message 105 to peer 0x59221fbda920 (15 bytes)
1771910524.872781 sending message 105 to peer 0x59221fbda920 (22 bytes)
1771910524.872789 sending message 105 to peer 0x59221fbda920 (13 bytes)
1771910524.872797 sending message 105 to peer 0x59221fbda920 (1506 bytes)
1771910524.872822 sending message 105 to peer 0x59221fbda920 (32 bytes)
1771910524.872830 sending message 105 to peer 0x59221fbda920 (30 bytes)
1771910524.872839 sending message 105 to peer 0x59221fbda920 (142 bytes)
1771910524.872847 sending message 105 to peer 0x59221fbda920 (28 bytes)
1771910524.872855 sending message 105 to peer 0x59221fbda920 (44 bytes)
1771910524.872862 sending message 105 to peer 0x59221fbda920 (31 bytes)
1771910524.872871 sending message 105 to peer 0x59221fbda920 (35 bytes)
1771910524.872879 sending message 105 to peer 0x59221fbda920 (49 bytes)
1771910524.872887 sending message 105 to peer 0x59221fbda920 (34 bytes)
1771910524.872895 sending message 105 to peer 0x59221fbda920 (40 bytes)
1771910524.872903 sending message 105 to peer 0x59221fbda920 (12 bytes)
1771910524.872911 sending message 105 to peer 0x59221fbda920 (11 bytes)
1771910524.872919 sending message 105 to peer 0x59221fbda920 (32 bytes)
1771910524.872926 sending message 105 to peer 0x59221fbda920 (11 bytes)
1771910524.872934 sending message 105 to peer 0x59221fbda920 (13 bytes)
1771910524.872942 sending message 105 to peer 0x59221fbda920 (54 bytes)
1771910524.872950 sending message 105 to peer 0x59221fbda920 (14 bytes)
1771910524.872958 sending message 105 to peer 0x59221fbda920 (8 bytes)
1771910524.872966 sending message 105 to peer 0x59221fbda920 (56 bytes)
1771910524.872974 sending message 105 to peer 0x59221fbda920 (53 bytes)
1771910524.872981 sending message 105 to peer 0x59221fbda920 (30 bytes)
1771910524.872989 sending message 105 to peer 0x59221fbda920 (23 bytes)
1771910524.872997 sending message 105 to peer 0x59221fbda920 (159 bytes)
1771910524.873005 sending message 105 to peer 0x59221fbda920 (130 bytes)
1771910524.873014 sending message 105 to peer 0x59221fbda920 (463 bytes)
1771910524.873023 sending message 105 to peer 0x59221fbda920 (29 bytes)
1771910524.873031 sending message 105 to peer 0x59221fbda920 (20 bytes)
1771910524.873039 sending message 105 to peer 0x59221fbda920 (78 bytes)
1771910524.873047 sending message 105 to peer 0x59221fbda920 (16 bytes)
1771910524.873055 sending message 106 to peer 0x59221fbda920 (0 bytes)
1771910524.873079 sending message 200 to peer 0x59221fbda920 (4 bytes)
1771910524.873087 client loop enter
1771910524.873805 peer 0x59221fbda920 message 211
1771910524.873831 client_write: sessions should be nested with care, unset $TMUX to force\n
1771910524.873850 peer 0x59221fbda920 message 203
1771910524.873859 client loop exit
